<?xml version="1.0" encoding="UTF-8"?>
<!-- Generated by org.testng.reporters.JUnitXMLReporter -->
<testsuite ignored="0" hostname="Om-Satapthy01.local" failures="0" tests="3" name="Test" time="12.394" errors="0" timestamp="2025-01-25T15:23:36 IST">
  <testcase classname="BaseTest.HomePageTwo" name="testForm" time="0.146"/>
  <testcase classname="BaseTest.HomePagetest" name="homeTest" time="0.946"/>
  <testcase classname="BaseTest.HomePagetest" name="testCalender" time="1.181"/>
</testsuite> <!-- Test -->
