<?xml version="1.0" encoding="UTF-8"?>
<testng-results ignored="0" total="1" passed="1" failed="0" skipped="0">
  <reporter-output>
  </reporter-output>
  <suite started-at="2025-01-25T16:57:08 IST" name="Default suite" finished-at="2025-01-25T16:57:16 IST" duration-ms="7768">
    <groups>
    </groups>
    <test started-at="2025-01-25T16:57:08 IST" name="Default test" finished-at="2025-01-25T16:57:16 IST" duration-ms="7768">
      <class name="BaseTest.RemoteSetUp">
        <test-method signature="setUp()[pri:0, instance:BaseTest.RemoteSetUp@659a969b]" started-at="2025-01-25T16:57:08 IST" name="setUp" finished-at="2025-01-25T16:57:16 IST" duration-ms="7754" status="PASS">
          <reporter-output>
          </reporter-output>
        </test-method> <!-- setUp -->
      </class> <!-- BaseTest.RemoteSetUp -->
    </test> <!-- Default test -->
  </suite> <!-- Default suite -->
</testng-results>
